<?xml version="1.0" encoding="UTF-8"?>
<!-- Generated by org.testng.reporters.JUnitReportReporter -->
<testsuite hostname="VAIO" name="com.wordpress.BasicTest" tests="1" failures="0" timestamp="30 Oct 2016 09:08:09 GMT" time="10.680" errors="0">
  <testcase name="testlaunchgoogle" time="10.680" classname="com.wordpress.BasicTest"/>
</testsuite> <!-- com.wordpress.BasicTest -->
